>>> Training text translator configs...
d_model: 512
n_layers: 6
n_heads: 8
d_ff: 2048
max_len: 256
dropout: 0.1
batch_size: 128
epochs: 10
warmup: 100
init_lr: 1e-05
factor: 0.9
adam_eps: 5e-09
patience: 10
clip: 1.0
weight_decay: 0.0005
gpu_id: 0
src_mode: en
tgt_mode: de
data_path: ./data/multi30k/task1/raw/
>>> Loading the dataset...
>>> Loading the dataset... Done! <<<
>>> Building the transformer model...
>>> trainable parameters: 69384975 trainable parameters size: 264.682674407959 MB <<<
>>> Building the transformer model... Done! <<<
>>> Building the optimizer, scheduler and criterion...
>>> Building the optimizer, scheduler and criterion... Done! <<<
[Step: 1/227 | Batch Loss: 10.9331 | Batch Time: 0.38s | Elapsed Time: 0.39s | Estimated Remaining Time: 0h 1m 25s]
[Step: 2/227 | Batch Loss: 10.6476 | Batch Time: 0.08s | Elapsed Time: 0.47s | Estimated Remaining Time: 0h 0m 17s]
[Step: 3/227 | Batch Loss: 10.3820 | Batch Time: 0.08s | Elapsed Time: 0.55s | Estimated Remaining Time: 0h 0m 17s]
[Step: 4/227 | Batch Loss: 10.1264 | Batch Time: 0.08s | Elapsed Time: 0.64s | Estimated Remaining Time: 0h 0m 17s]
[Step: 5/227 | Batch Loss: 9.9452 | Batch Time: 0.08s | Elapsed Time: 0.72s | Estimated Remaining Time: 0h 0m 18s]
[Step: 6/227 | Batch Loss: 9.6808 | Batch Time: 0.08s | Elapsed Time: 0.81s | Estimated Remaining Time: 0h 0m 18s]
[Step: 7/227 | Batch Loss: 9.5499 | Batch Time: 0.07s | Elapsed Time: 0.89s | Estimated Remaining Time: 0h 0m 16s]
[Step: 8/227 | Batch Loss: 9.3124 | Batch Time: 0.07s | Elapsed Time: 0.97s | Estimated Remaining Time: 0h 0m 16s]
[Step: 9/227 | Batch Loss: 9.1368 | Batch Time: 0.07s | Elapsed Time: 1.05s | Estimated Remaining Time: 0h 0m 16s]
[Step: 10/227 | Batch Loss: 8.8954 | Batch Time: 0.08s | Elapsed Time: 1.14s | Estimated Remaining Time: 0h 0m 16s]
[Step: 11/227 | Batch Loss: 8.8959 | Batch Time: 0.08s | Elapsed Time: 1.22s | Estimated Remaining Time: 0h 0m 17s]
[Step: 12/227 | Batch Loss: 8.6942 | Batch Time: 0.09s | Elapsed Time: 1.32s | Estimated Remaining Time: 0h 0m 19s]
[Step: 13/227 | Batch Loss: 8.6211 | Batch Time: 0.07s | Elapsed Time: 1.40s | Estimated Remaining Time: 0h 0m 15s]
[Step: 14/227 | Batch Loss: 8.4879 | Batch Time: 0.08s | Elapsed Time: 1.48s | Estimated Remaining Time: 0h 0m 16s]
[Step: 15/227 | Batch Loss: 8.4663 | Batch Time: 0.08s | Elapsed Time: 1.57s | Estimated Remaining Time: 0h 0m 17s]
[Step: 16/227 | Batch Loss: 8.3939 | Batch Time: 0.08s | Elapsed Time: 1.65s | Estimated Remaining Time: 0h 0m 16s]
[Step: 17/227 | Batch Loss: 8.2884 | Batch Time: 0.08s | Elapsed Time: 1.73s | Estimated Remaining Time: 0h 0m 16s]
[Step: 18/227 | Batch Loss: 8.2180 | Batch Time: 0.09s | Elapsed Time: 1.83s | Estimated Remaining Time: 0h 0m 18s]
[Step: 19/227 | Batch Loss: 8.1476 | Batch Time: 0.09s | Elapsed Time: 1.92s | Estimated Remaining Time: 0h 0m 18s]
[Step: 20/227 | Batch Loss: 8.0946 | Batch Time: 0.08s | Elapsed Time: 2.00s | Estimated Remaining Time: 0h 0m 15s]
[Step: 21/227 | Batch Loss: 8.0535 | Batch Time: 0.07s | Elapsed Time: 2.09s | Estimated Remaining Time: 0h 0m 15s]
[Step: 22/227 | Batch Loss: 8.0133 | Batch Time: 0.09s | Elapsed Time: 2.18s | Estimated Remaining Time: 0h 0m 17s]
[Step: 23/227 | Batch Loss: 7.9614 | Batch Time: 0.09s | Elapsed Time: 2.27s | Estimated Remaining Time: 0h 0m 18s]
[Step: 24/227 | Batch Loss: 7.8885 | Batch Time: 0.07s | Elapsed Time: 2.35s | Estimated Remaining Time: 0h 0m 15s]
[Step: 25/227 | Batch Loss: 7.8660 | Batch Time: 0.09s | Elapsed Time: 2.44s | Estimated Remaining Time: 0h 0m 17s]
[Step: 26/227 | Batch Loss: 7.8016 | Batch Time: 0.08s | Elapsed Time: 2.53s | Estimated Remaining Time: 0h 0m 15s]
[Step: 27/227 | Batch Loss: 7.7883 | Batch Time: 0.08s | Elapsed Time: 2.61s | Estimated Remaining Time: 0h 0m 15s]
[Step: 28/227 | Batch Loss: 7.7594 | Batch Time: 0.08s | Elapsed Time: 2.69s | Estimated Remaining Time: 0h 0m 15s]
[Step: 29/227 | Batch Loss: 7.7571 | Batch Time: 0.08s | Elapsed Time: 2.78s | Estimated Remaining Time: 0h 0m 16s]
[Step: 30/227 | Batch Loss: 7.6909 | Batch Time: 0.08s | Elapsed Time: 2.86s | Estimated Remaining Time: 0h 0m 14s]
[Step: 31/227 | Batch Loss: 7.7796 | Batch Time: 0.08s | Elapsed Time: 2.94s | Estimated Remaining Time: 0h 0m 15s]
[Step: 32/227 | Batch Loss: 7.6527 | Batch Time: 0.08s | Elapsed Time: 3.02s | Estimated Remaining Time: 0h 0m 15s]
[Step: 33/227 | Batch Loss: 7.5480 | Batch Time: 0.07s | Elapsed Time: 3.10s | Estimated Remaining Time: 0h 0m 14s]
[Step: 34/227 | Batch Loss: 7.6194 | Batch Time: 0.09s | Elapsed Time: 3.20s | Estimated Remaining Time: 0h 0m 17s]
[Step: 35/227 | Batch Loss: 7.4911 | Batch Time: 0.08s | Elapsed Time: 3.28s | Estimated Remaining Time: 0h 0m 15s]
[Step: 36/227 | Batch Loss: 7.5244 | Batch Time: 0.08s | Elapsed Time: 3.37s | Estimated Remaining Time: 0h 0m 15s]
[Step: 37/227 | Batch Loss: 7.6138 | Batch Time: 0.08s | Elapsed Time: 3.46s | Estimated Remaining Time: 0h 0m 15s]
[Step: 38/227 | Batch Loss: 7.5843 | Batch Time: 0.08s | Elapsed Time: 3.54s | Estimated Remaining Time: 0h 0m 14s]
[Step: 39/227 | Batch Loss: 7.4163 | Batch Time: 0.08s | Elapsed Time: 3.62s | Estimated Remaining Time: 0h 0m 15s]
[Step: 40/227 | Batch Loss: 7.4205 | Batch Time: 0.08s | Elapsed Time: 3.71s | Estimated Remaining Time: 0h 0m 14s]
[Step: 41/227 | Batch Loss: 7.5027 | Batch Time: 0.08s | Elapsed Time: 3.79s | Estimated Remaining Time: 0h 0m 14s]
[Step: 42/227 | Batch Loss: 7.4574 | Batch Time: 0.08s | Elapsed Time: 3.87s | Estimated Remaining Time: 0h 0m 14s]
[Step: 43/227 | Batch Loss: 7.4134 | Batch Time: 0.08s | Elapsed Time: 3.95s | Estimated Remaining Time: 0h 0m 13s]
[Step: 44/227 | Batch Loss: 7.3262 | Batch Time: 0.08s | Elapsed Time: 4.04s | Estimated Remaining Time: 0h 0m 13s]
[Step: 45/227 | Batch Loss: 7.4670 | Batch Time: 0.07s | Elapsed Time: 4.11s | Estimated Remaining Time: 0h 0m 13s]
[Step: 46/227 | Batch Loss: 7.3756 | Batch Time: 0.08s | Elapsed Time: 4.19s | Estimated Remaining Time: 0h 0m 13s]
[Step: 47/227 | Batch Loss: 7.2978 | Batch Time: 0.08s | Elapsed Time: 4.28s | Estimated Remaining Time: 0h 0m 13s]
[Step: 48/227 | Batch Loss: 7.2555 | Batch Time: 0.08s | Elapsed Time: 4.36s | Estimated Remaining Time: 0h 0m 13s]
[Step: 49/227 | Batch Loss: 7.3266 | Batch Time: 0.08s | Elapsed Time: 4.44s | Estimated Remaining Time: 0h 0m 13s]
[Step: 50/227 | Batch Loss: 7.2437 | Batch Time: 0.08s | Elapsed Time: 4.52s | Estimated Remaining Time: 0h 0m 13s]
[Step: 51/227 | Batch Loss: 7.2028 | Batch Time: 0.08s | Elapsed Time: 4.61s | Estimated Remaining Time: 0h 0m 14s]
[Step: 52/227 | Batch Loss: 7.2849 | Batch Time: 0.08s | Elapsed Time: 4.69s | Estimated Remaining Time: 0h 0m 13s]
[Step: 53/227 | Batch Loss: 7.2315 | Batch Time: 0.08s | Elapsed Time: 4.77s | Estimated Remaining Time: 0h 0m 13s]
[Step: 54/227 | Batch Loss: 7.2586 | Batch Time: 0.08s | Elapsed Time: 4.86s | Estimated Remaining Time: 0h 0m 13s]
[Step: 55/227 | Batch Loss: 7.2118 | Batch Time: 0.08s | Elapsed Time: 4.95s | Estimated Remaining Time: 0h 0m 14s]
[Step: 56/227 | Batch Loss: 7.2133 | Batch Time: 0.09s | Elapsed Time: 5.04s | Estimated Remaining Time: 0h 0m 14s]
[Step: 57/227 | Batch Loss: 7.1518 | Batch Time: 0.08s | Elapsed Time: 5.12s | Estimated Remaining Time: 0h 0m 13s]
[Step: 58/227 | Batch Loss: 7.1501 | Batch Time: 0.08s | Elapsed Time: 5.21s | Estimated Remaining Time: 0h 0m 13s]
[Step: 59/227 | Batch Loss: 7.2237 | Batch Time: 0.08s | Elapsed Time: 5.29s | Estimated Remaining Time: 0h 0m 13s]
[Step: 60/227 | Batch Loss: 7.1767 | Batch Time: 0.09s | Elapsed Time: 5.39s | Estimated Remaining Time: 0h 0m 15s]
[Step: 61/227 | Batch Loss: 7.0806 | Batch Time: 0.08s | Elapsed Time: 5.48s | Estimated Remaining Time: 0h 0m 13s]
[Step: 62/227 | Batch Loss: 7.0804 | Batch Time: 0.08s | Elapsed Time: 5.56s | Estimated Remaining Time: 0h 0m 13s]
[Step: 63/227 | Batch Loss: 7.2898 | Batch Time: 0.08s | Elapsed Time: 5.65s | Estimated Remaining Time: 0h 0m 13s]
[Step: 64/227 | Batch Loss: 7.1154 | Batch Time: 0.08s | Elapsed Time: 5.73s | Estimated Remaining Time: 0h 0m 12s]
[Step: 65/227 | Batch Loss: 7.0326 | Batch Time: 0.08s | Elapsed Time: 5.81s | Estimated Remaining Time: 0h 0m 12s]
[Step: 66/227 | Batch Loss: 7.1298 | Batch Time: 0.08s | Elapsed Time: 5.89s | Estimated Remaining Time: 0h 0m 12s]
[Step: 67/227 | Batch Loss: 7.1242 | Batch Time: 0.09s | Elapsed Time: 5.98s | Estimated Remaining Time: 0h 0m 13s]
[Step: 68/227 | Batch Loss: 7.1086 | Batch Time: 0.09s | Elapsed Time: 6.08s | Estimated Remaining Time: 0h 0m 14s]
[Step: 69/227 | Batch Loss: 7.0965 | Batch Time: 0.08s | Elapsed Time: 6.17s | Estimated Remaining Time: 0h 0m 13s]
[Step: 70/227 | Batch Loss: 7.0696 | Batch Time: 0.08s | Elapsed Time: 6.25s | Estimated Remaining Time: 0h 0m 12s]
[Step: 71/227 | Batch Loss: 7.0446 | Batch Time: 0.07s | Elapsed Time: 6.33s | Estimated Remaining Time: 0h 0m 11s]
[Step: 72/227 | Batch Loss: 6.9488 | Batch Time: 0.07s | Elapsed Time: 6.41s | Estimated Remaining Time: 0h 0m 11s]
[Step: 73/227 | Batch Loss: 7.0259 | Batch Time: 0.07s | Elapsed Time: 6.49s | Estimated Remaining Time: 0h 0m 10s]
[Step: 74/227 | Batch Loss: 7.0358 | Batch Time: 0.07s | Elapsed Time: 6.57s | Estimated Remaining Time: 0h 0m 10s]
[Step: 75/227 | Batch Loss: 7.0609 | Batch Time: 0.08s | Elapsed Time: 6.65s | Estimated Remaining Time: 0h 0m 11s]
[Step: 76/227 | Batch Loss: 7.0424 | Batch Time: 0.08s | Elapsed Time: 6.73s | Estimated Remaining Time: 0h 0m 11s]
[Step: 77/227 | Batch Loss: 6.8150 | Batch Time: 0.07s | Elapsed Time: 6.81s | Estimated Remaining Time: 0h 0m 11s]
[Step: 78/227 | Batch Loss: 6.9801 | Batch Time: 0.08s | Elapsed Time: 6.89s | Estimated Remaining Time: 0h 0m 11s]
[Step: 79/227 | Batch Loss: 6.9804 | Batch Time: 0.07s | Elapsed Time: 6.97s | Estimated Remaining Time: 0h 0m 10s]
[Step: 80/227 | Batch Loss: 7.0525 | Batch Time: 0.08s | Elapsed Time: 7.06s | Estimated Remaining Time: 0h 0m 11s]
[Step: 81/227 | Batch Loss: 6.8893 | Batch Time: 0.08s | Elapsed Time: 7.14s | Estimated Remaining Time: 0h 0m 10s]
[Step: 82/227 | Batch Loss: 6.9148 | Batch Time: 0.08s | Elapsed Time: 7.22s | Estimated Remaining Time: 0h 0m 11s]
[Step: 83/227 | Batch Loss: 6.8317 | Batch Time: 0.08s | Elapsed Time: 7.31s | Estimated Remaining Time: 0h 0m 12s]
[Step: 84/227 | Batch Loss: 6.8667 | Batch Time: 0.09s | Elapsed Time: 7.41s | Estimated Remaining Time: 0h 0m 13s]
[Step: 85/227 | Batch Loss: 6.9075 | Batch Time: 0.08s | Elapsed Time: 7.50s | Estimated Remaining Time: 0h 0m 11s]
[Step: 86/227 | Batch Loss: 7.0274 | Batch Time: 0.09s | Elapsed Time: 7.59s | Estimated Remaining Time: 0h 0m 12s]
[Step: 87/227 | Batch Loss: 6.8771 | Batch Time: 0.09s | Elapsed Time: 7.69s | Estimated Remaining Time: 0h 0m 12s]
[Step: 88/227 | Batch Loss: 6.9768 | Batch Time: 0.08s | Elapsed Time: 7.77s | Estimated Remaining Time: 0h 0m 11s]
[Step: 89/227 | Batch Loss: 6.7648 | Batch Time: 0.08s | Elapsed Time: 7.86s | Estimated Remaining Time: 0h 0m 11s]
[Step: 90/227 | Batch Loss: 6.8366 | Batch Time: 0.08s | Elapsed Time: 7.94s | Estimated Remaining Time: 0h 0m 10s]
[Step: 91/227 | Batch Loss: 6.9309 | Batch Time: 0.08s | Elapsed Time: 8.02s | Estimated Remaining Time: 0h 0m 10s]
[Step: 92/227 | Batch Loss: 6.9134 | Batch Time: 0.08s | Elapsed Time: 8.11s | Estimated Remaining Time: 0h 0m 10s]
[Step: 93/227 | Batch Loss: 6.8237 | Batch Time: 0.08s | Elapsed Time: 8.19s | Estimated Remaining Time: 0h 0m 10s]
[Step: 94/227 | Batch Loss: 6.7676 | Batch Time: 0.08s | Elapsed Time: 8.27s | Estimated Remaining Time: 0h 0m 10s]
[Step: 95/227 | Batch Loss: 6.8054 | Batch Time: 0.08s | Elapsed Time: 8.35s | Estimated Remaining Time: 0h 0m 10s]
[Step: 96/227 | Batch Loss: 6.8890 | Batch Time: 0.08s | Elapsed Time: 8.43s | Estimated Remaining Time: 0h 0m 10s]
[Step: 97/227 | Batch Loss: 6.7888 | Batch Time: 0.09s | Elapsed Time: 8.53s | Estimated Remaining Time: 0h 0m 11s]
[Step: 98/227 | Batch Loss: 6.7932 | Batch Time: 0.08s | Elapsed Time: 8.61s | Estimated Remaining Time: 0h 0m 10s]
[Step: 99/227 | Batch Loss: 6.8194 | Batch Time: 0.08s | Elapsed Time: 8.70s | Estimated Remaining Time: 0h 0m 10s]
[Step: 100/227 | Batch Loss: 6.7669 | Batch Time: 0.08s | Elapsed Time: 8.78s | Estimated Remaining Time: 0h 0m 9s]
[Step: 101/227 | Batch Loss: 6.8282 | Batch Time: 0.08s | Elapsed Time: 8.87s | Estimated Remaining Time: 0h 0m 10s]
[Step: 102/227 | Batch Loss: 6.6595 | Batch Time: 0.08s | Elapsed Time: 8.95s | Estimated Remaining Time: 0h 0m 9s]
[Step: 103/227 | Batch Loss: 6.7537 | Batch Time: 0.09s | Elapsed Time: 9.04s | Estimated Remaining Time: 0h 0m 10s]
[Step: 104/227 | Batch Loss: 6.7053 | Batch Time: 0.09s | Elapsed Time: 9.13s | Estimated Remaining Time: 0h 0m 10s]
[Step: 105/227 | Batch Loss: 6.7884 | Batch Time: 0.08s | Elapsed Time: 9.21s | Estimated Remaining Time: 0h 0m 9s]
[Step: 106/227 | Batch Loss: 6.7602 | Batch Time: 0.08s | Elapsed Time: 9.30s | Estimated Remaining Time: 0h 0m 10s]
[Step: 107/227 | Batch Loss: 6.6194 | Batch Time: 0.08s | Elapsed Time: 9.39s | Estimated Remaining Time: 0h 0m 9s]
[Step: 108/227 | Batch Loss: 6.5493 | Batch Time: 0.08s | Elapsed Time: 9.47s | Estimated Remaining Time: 0h 0m 8s]
[Step: 109/227 | Batch Loss: 6.7037 | Batch Time: 0.08s | Elapsed Time: 9.55s | Estimated Remaining Time: 0h 0m 9s]
[Step: 110/227 | Batch Loss: 6.7386 | Batch Time: 0.08s | Elapsed Time: 9.64s | Estimated Remaining Time: 0h 0m 9s]
[Step: 111/227 | Batch Loss: 6.6660 | Batch Time: 0.10s | Elapsed Time: 9.74s | Estimated Remaining Time: 0h 0m 11s]
[Step: 112/227 | Batch Loss: 6.6638 | Batch Time: 0.09s | Elapsed Time: 9.83s | Estimated Remaining Time: 0h 0m 10s]
[Step: 113/227 | Batch Loss: 6.7517 | Batch Time: 0.07s | Elapsed Time: 9.91s | Estimated Remaining Time: 0h 0m 8s]
[Step: 114/227 | Batch Loss: 6.6531 | Batch Time: 0.08s | Elapsed Time: 10.00s | Estimated Remaining Time: 0h 0m 8s]
[Step: 115/227 | Batch Loss: 6.7069 | Batch Time: 0.07s | Elapsed Time: 10.08s | Estimated Remaining Time: 0h 0m 8s]
[Step: 116/227 | Batch Loss: 6.5778 | Batch Time: 0.08s | Elapsed Time: 10.16s | Estimated Remaining Time: 0h 0m 8s]
[Step: 117/227 | Batch Loss: 6.6584 | Batch Time: 0.08s | Elapsed Time: 10.24s | Estimated Remaining Time: 0h 0m 8s]
[Step: 118/227 | Batch Loss: 6.6197 | Batch Time: 0.08s | Elapsed Time: 10.33s | Estimated Remaining Time: 0h 0m 8s]
[Step: 119/227 | Batch Loss: 6.6353 | Batch Time: 0.08s | Elapsed Time: 10.41s | Estimated Remaining Time: 0h 0m 8s]
[Step: 120/227 | Batch Loss: 6.7003 | Batch Time: 0.08s | Elapsed Time: 10.49s | Estimated Remaining Time: 0h 0m 8s]
[Step: 121/227 | Batch Loss: 6.5451 | Batch Time: 0.08s | Elapsed Time: 10.58s | Estimated Remaining Time: 0h 0m 8s]
[Step: 122/227 | Batch Loss: 6.6993 | Batch Time: 0.08s | Elapsed Time: 10.66s | Estimated Remaining Time: 0h 0m 8s]
[Step: 123/227 | Batch Loss: 6.6228 | Batch Time: 0.07s | Elapsed Time: 10.74s | Estimated Remaining Time: 0h 0m 7s]
[Step: 124/227 | Batch Loss: 6.6302 | Batch Time: 0.08s | Elapsed Time: 10.83s | Estimated Remaining Time: 0h 0m 8s]
[Step: 125/227 | Batch Loss: 6.6647 | Batch Time: 0.09s | Elapsed Time: 10.92s | Estimated Remaining Time: 0h 0m 8s]
[Step: 126/227 | Batch Loss: 6.6062 | Batch Time: 0.08s | Elapsed Time: 11.00s | Estimated Remaining Time: 0h 0m 7s]
[Step: 127/227 | Batch Loss: 6.6447 | Batch Time: 0.09s | Elapsed Time: 11.10s | Estimated Remaining Time: 0h 0m 9s]
[Step: 128/227 | Batch Loss: 6.6913 | Batch Time: 0.21s | Elapsed Time: 11.31s | Estimated Remaining Time: 0h 0m 20s]
[Step: 129/227 | Batch Loss: 6.5588 | Batch Time: 0.08s | Elapsed Time: 11.40s | Estimated Remaining Time: 0h 0m 7s]
[Step: 130/227 | Batch Loss: 6.4915 | Batch Time: 0.08s | Elapsed Time: 11.48s | Estimated Remaining Time: 0h 0m 7s]
[Step: 131/227 | Batch Loss: 6.5108 | Batch Time: 0.08s | Elapsed Time: 11.57s | Estimated Remaining Time: 0h 0m 8s]
[Step: 132/227 | Batch Loss: 6.5536 | Batch Time: 0.08s | Elapsed Time: 11.65s | Estimated Remaining Time: 0h 0m 7s]
[Step: 133/227 | Batch Loss: 6.6544 | Batch Time: 0.08s | Elapsed Time: 11.73s | Estimated Remaining Time: 0h 0m 7s]
[Step: 134/227 | Batch Loss: 6.5032 | Batch Time: 0.08s | Elapsed Time: 11.82s | Estimated Remaining Time: 0h 0m 7s]
[Step: 135/227 | Batch Loss: 6.5510 | Batch Time: 0.08s | Elapsed Time: 11.91s | Estimated Remaining Time: 0h 0m 7s]
[Step: 136/227 | Batch Loss: 6.6119 | Batch Time: 0.08s | Elapsed Time: 11.99s | Estimated Remaining Time: 0h 0m 6s]
[Step: 137/227 | Batch Loss: 6.4103 | Batch Time: 0.08s | Elapsed Time: 12.08s | Estimated Remaining Time: 0h 0m 7s]
[Step: 138/227 | Batch Loss: 6.3712 | Batch Time: 0.10s | Elapsed Time: 12.18s | Estimated Remaining Time: 0h 0m 8s]
[Step: 139/227 | Batch Loss: 6.4972 | Batch Time: 0.07s | Elapsed Time: 12.26s | Estimated Remaining Time: 0h 0m 6s]
[Step: 140/227 | Batch Loss: 6.3788 | Batch Time: 0.08s | Elapsed Time: 12.35s | Estimated Remaining Time: 0h 0m 6s]
[Step: 141/227 | Batch Loss: 6.4228 | Batch Time: 0.08s | Elapsed Time: 12.43s | Estimated Remaining Time: 0h 0m 6s]
[Step: 142/227 | Batch Loss: 6.4794 | Batch Time: 0.08s | Elapsed Time: 12.51s | Estimated Remaining Time: 0h 0m 6s]
[Step: 143/227 | Batch Loss: 6.5569 | Batch Time: 0.09s | Elapsed Time: 12.60s | Estimated Remaining Time: 0h 0m 7s]
[Step: 144/227 | Batch Loss: 6.5509 | Batch Time: 0.08s | Elapsed Time: 12.69s | Estimated Remaining Time: 0h 0m 6s]
[Step: 145/227 | Batch Loss: 6.3923 | Batch Time: 0.08s | Elapsed Time: 12.78s | Estimated Remaining Time: 0h 0m 6s]
[Step: 146/227 | Batch Loss: 6.5452 | Batch Time: 0.09s | Elapsed Time: 12.88s | Estimated Remaining Time: 0h 0m 7s]
[Step: 147/227 | Batch Loss: 6.4661 | Batch Time: 0.08s | Elapsed Time: 12.97s | Estimated Remaining Time: 0h 0m 6s]
[Step: 148/227 | Batch Loss: 6.5626 | Batch Time: 0.09s | Elapsed Time: 13.06s | Estimated Remaining Time: 0h 0m 6s]
[Step: 149/227 | Batch Loss: 6.4336 | Batch Time: 0.09s | Elapsed Time: 13.15s | Estimated Remaining Time: 0h 0m 6s]
[Step: 150/227 | Batch Loss: 6.4103 | Batch Time: 0.08s | Elapsed Time: 13.24s | Estimated Remaining Time: 0h 0m 6s]
[Step: 151/227 | Batch Loss: 6.5087 | Batch Time: 0.08s | Elapsed Time: 13.33s | Estimated Remaining Time: 0h 0m 5s]
[Step: 152/227 | Batch Loss: 6.4753 | Batch Time: 0.08s | Elapsed Time: 13.41s | Estimated Remaining Time: 0h 0m 5s]
[Step: 153/227 | Batch Loss: 6.4133 | Batch Time: 0.07s | Elapsed Time: 13.49s | Estimated Remaining Time: 0h 0m 5s]
[Step: 154/227 | Batch Loss: 6.4157 | Batch Time: 0.08s | Elapsed Time: 13.58s | Estimated Remaining Time: 0h 0m 6s]
[Step: 155/227 | Batch Loss: 6.3780 | Batch Time: 0.08s | Elapsed Time: 13.66s | Estimated Remaining Time: 0h 0m 5s]
[Step: 156/227 | Batch Loss: 6.3442 | Batch Time: 0.07s | Elapsed Time: 13.74s | Estimated Remaining Time: 0h 0m 5s]
[Step: 157/227 | Batch Loss: 6.4359 | Batch Time: 0.08s | Elapsed Time: 13.83s | Estimated Remaining Time: 0h 0m 5s]
[Step: 158/227 | Batch Loss: 6.3148 | Batch Time: 0.07s | Elapsed Time: 13.90s | Estimated Remaining Time: 0h 0m 4s]
[Step: 159/227 | Batch Loss: 6.4460 | Batch Time: 0.07s | Elapsed Time: 13.98s | Estimated Remaining Time: 0h 0m 4s]
[Step: 160/227 | Batch Loss: 6.4151 | Batch Time: 0.08s | Elapsed Time: 14.06s | Estimated Remaining Time: 0h 0m 5s]
[Step: 161/227 | Batch Loss: 6.4335 | Batch Time: 0.08s | Elapsed Time: 14.15s | Estimated Remaining Time: 0h 0m 5s]
[Step: 162/227 | Batch Loss: 6.3866 | Batch Time: 0.08s | Elapsed Time: 14.23s | Estimated Remaining Time: 0h 0m 4s]
[Step: 163/227 | Batch Loss: 6.4838 | Batch Time: 0.09s | Elapsed Time: 14.32s | Estimated Remaining Time: 0h 0m 5s]
[Step: 164/227 | Batch Loss: 6.4322 | Batch Time: 0.07s | Elapsed Time: 14.40s | Estimated Remaining Time: 0h 0m 4s]
[Step: 165/227 | Batch Loss: 6.3120 | Batch Time: 0.08s | Elapsed Time: 14.48s | Estimated Remaining Time: 0h 0m 4s]
[Step: 166/227 | Batch Loss: 6.3512 | Batch Time: 0.08s | Elapsed Time: 14.56s | Estimated Remaining Time: 0h 0m 4s]
[Step: 167/227 | Batch Loss: 6.2766 | Batch Time: 0.07s | Elapsed Time: 14.64s | Estimated Remaining Time: 0h 0m 4s]
[Step: 168/227 | Batch Loss: 6.3447 | Batch Time: 0.09s | Elapsed Time: 14.74s | Estimated Remaining Time: 0h 0m 5s]
[Step: 169/227 | Batch Loss: 6.3221 | Batch Time: 0.08s | Elapsed Time: 14.82s | Estimated Remaining Time: 0h 0m 4s]
[Step: 170/227 | Batch Loss: 6.4063 | Batch Time: 0.08s | Elapsed Time: 14.90s | Estimated Remaining Time: 0h 0m 4s]
[Step: 171/227 | Batch Loss: 6.4043 | Batch Time: 0.07s | Elapsed Time: 14.98s | Estimated Remaining Time: 0h 0m 4s]
[Step: 172/227 | Batch Loss: 6.3824 | Batch Time: 0.09s | Elapsed Time: 15.07s | Estimated Remaining Time: 0h 0m 4s]
[Step: 173/227 | Batch Loss: 6.2850 | Batch Time: 0.08s | Elapsed Time: 15.15s | Estimated Remaining Time: 0h 0m 4s]
[Step: 174/227 | Batch Loss: 6.4103 | Batch Time: 0.08s | Elapsed Time: 15.23s | Estimated Remaining Time: 0h 0m 3s]
[Step: 175/227 | Batch Loss: 6.3446 | Batch Time: 0.07s | Elapsed Time: 15.31s | Estimated Remaining Time: 0h 0m 3s]
[Step: 176/227 | Batch Loss: 6.2913 | Batch Time: 0.08s | Elapsed Time: 15.40s | Estimated Remaining Time: 0h 0m 4s]
[Step: 177/227 | Batch Loss: 6.2913 | Batch Time: 0.08s | Elapsed Time: 15.48s | Estimated Remaining Time: 0h 0m 3s]
[Step: 178/227 | Batch Loss: 6.2582 | Batch Time: 0.07s | Elapsed Time: 15.56s | Estimated Remaining Time: 0h 0m 3s]
[Step: 179/227 | Batch Loss: 6.3481 | Batch Time: 0.08s | Elapsed Time: 15.64s | Estimated Remaining Time: 0h 0m 3s]
[Step: 180/227 | Batch Loss: 6.4225 | Batch Time: 0.08s | Elapsed Time: 15.73s | Estimated Remaining Time: 0h 0m 3s]
[Step: 181/227 | Batch Loss: 6.3562 | Batch Time: 0.07s | Elapsed Time: 15.81s | Estimated Remaining Time: 0h 0m 3s]
[Step: 182/227 | Batch Loss: 6.2430 | Batch Time: 0.08s | Elapsed Time: 15.89s | Estimated Remaining Time: 0h 0m 3s]
[Step: 183/227 | Batch Loss: 6.3091 | Batch Time: 0.08s | Elapsed Time: 15.97s | Estimated Remaining Time: 0h 0m 3s]
[Step: 184/227 | Batch Loss: 6.3408 | Batch Time: 0.08s | Elapsed Time: 16.06s | Estimated Remaining Time: 0h 0m 3s]
[Step: 185/227 | Batch Loss: 6.2782 | Batch Time: 0.08s | Elapsed Time: 16.14s | Estimated Remaining Time: 0h 0m 3s]
[Step: 186/227 | Batch Loss: 6.1684 | Batch Time: 0.07s | Elapsed Time: 16.22s | Estimated Remaining Time: 0h 0m 2s]
[Step: 187/227 | Batch Loss: 6.2678 | Batch Time: 0.08s | Elapsed Time: 16.30s | Estimated Remaining Time: 0h 0m 3s]
[Step: 188/227 | Batch Loss: 6.2765 | Batch Time: 0.09s | Elapsed Time: 16.40s | Estimated Remaining Time: 0h 0m 3s]
[Step: 189/227 | Batch Loss: 6.3412 | Batch Time: 0.08s | Elapsed Time: 16.49s | Estimated Remaining Time: 0h 0m 3s]
[Step: 190/227 | Batch Loss: 6.3578 | Batch Time: 0.09s | Elapsed Time: 16.59s | Estimated Remaining Time: 0h 0m 3s]
[Step: 191/227 | Batch Loss: 6.1856 | Batch Time: 0.08s | Elapsed Time: 16.67s | Estimated Remaining Time: 0h 0m 2s]
[Step: 192/227 | Batch Loss: 6.1585 | Batch Time: 0.07s | Elapsed Time: 16.75s | Estimated Remaining Time: 0h 0m 2s]
[Step: 193/227 | Batch Loss: 6.2878 | Batch Time: 0.07s | Elapsed Time: 16.83s | Estimated Remaining Time: 0h 0m 2s]
[Step: 194/227 | Batch Loss: 6.1864 | Batch Time: 0.07s | Elapsed Time: 16.91s | Estimated Remaining Time: 0h 0m 2s]
[Step: 195/227 | Batch Loss: 6.1780 | Batch Time: 0.07s | Elapsed Time: 16.98s | Estimated Remaining Time: 0h 0m 2s]
[Step: 196/227 | Batch Loss: 6.2675 | Batch Time: 0.07s | Elapsed Time: 17.06s | Estimated Remaining Time: 0h 0m 2s]
[Step: 197/227 | Batch Loss: 6.3225 | Batch Time: 0.07s | Elapsed Time: 17.14s | Estimated Remaining Time: 0h 0m 2s]
[Step: 198/227 | Batch Loss: 6.1287 | Batch Time: 0.08s | Elapsed Time: 17.23s | Estimated Remaining Time: 0h 0m 2s]
[Step: 199/227 | Batch Loss: 6.1536 | Batch Time: 0.08s | Elapsed Time: 17.31s | Estimated Remaining Time: 0h 0m 2s]
[Step: 200/227 | Batch Loss: 6.1317 | Batch Time: 0.07s | Elapsed Time: 17.39s | Estimated Remaining Time: 0h 0m 1s]
[Step: 201/227 | Batch Loss: 6.2140 | Batch Time: 0.08s | Elapsed Time: 17.47s | Estimated Remaining Time: 0h 0m 1s]
[Step: 202/227 | Batch Loss: 6.2224 | Batch Time: 0.08s | Elapsed Time: 17.56s | Estimated Remaining Time: 0h 0m 1s]
[Step: 203/227 | Batch Loss: 6.2348 | Batch Time: 0.07s | Elapsed Time: 17.63s | Estimated Remaining Time: 0h 0m 1s]
[Step: 204/227 | Batch Loss: 6.0782 | Batch Time: 0.07s | Elapsed Time: 17.71s | Estimated Remaining Time: 0h 0m 1s]
[Step: 205/227 | Batch Loss: 6.2021 | Batch Time: 0.07s | Elapsed Time: 17.79s | Estimated Remaining Time: 0h 0m 1s]
[Step: 206/227 | Batch Loss: 6.2567 | Batch Time: 0.08s | Elapsed Time: 17.88s | Estimated Remaining Time: 0h 0m 1s]
[Step: 207/227 | Batch Loss: 6.1901 | Batch Time: 0.08s | Elapsed Time: 17.97s | Estimated Remaining Time: 0h 0m 1s]
[Step: 208/227 | Batch Loss: 6.1910 | Batch Time: 0.08s | Elapsed Time: 18.05s | Estimated Remaining Time: 0h 0m 1s]
[Step: 209/227 | Batch Loss: 6.2371 | Batch Time: 0.08s | Elapsed Time: 18.14s | Estimated Remaining Time: 0h 0m 1s]
[Step: 210/227 | Batch Loss: 6.2577 | Batch Time: 0.08s | Elapsed Time: 18.23s | Estimated Remaining Time: 0h 0m 1s]
[Step: 211/227 | Batch Loss: 6.2527 | Batch Time: 0.07s | Elapsed Time: 18.31s | Estimated Remaining Time: 0h 0m 1s]
[Step: 212/227 | Batch Loss: 6.0669 | Batch Time: 0.07s | Elapsed Time: 18.39s | Estimated Remaining Time: 0h 0m 1s]
[Step: 213/227 | Batch Loss: 6.2842 | Batch Time: 0.08s | Elapsed Time: 18.47s | Estimated Remaining Time: 0h 0m 1s]
[Step: 214/227 | Batch Loss: 6.2503 | Batch Time: 0.08s | Elapsed Time: 18.56s | Estimated Remaining Time: 0h 0m 1s]
[Step: 215/227 | Batch Loss: 6.1024 | Batch Time: 0.09s | Elapsed Time: 18.66s | Estimated Remaining Time: 0h 0m 1s]
[Step: 216/227 | Batch Loss: 6.1459 | Batch Time: 0.07s | Elapsed Time: 18.74s | Estimated Remaining Time: 0h 0m 0s]
[Step: 217/227 | Batch Loss: 6.2166 | Batch Time: 0.08s | Elapsed Time: 18.82s | Estimated Remaining Time: 0h 0m 0s]
[Step: 218/227 | Batch Loss: 6.1341 | Batch Time: 0.08s | Elapsed Time: 18.91s | Estimated Remaining Time: 0h 0m 0s]
[Step: 219/227 | Batch Loss: 6.2467 | Batch Time: 0.08s | Elapsed Time: 19.00s | Estimated Remaining Time: 0h 0m 0s]
[Step: 220/227 | Batch Loss: 6.1949 | Batch Time: 0.08s | Elapsed Time: 19.09s | Estimated Remaining Time: 0h 0m 0s]
[Step: 221/227 | Batch Loss: 6.1576 | Batch Time: 0.07s | Elapsed Time: 19.17s | Estimated Remaining Time: 0h 0m 0s]
[Step: 222/227 | Batch Loss: 6.1024 | Batch Time: 0.07s | Elapsed Time: 19.25s | Estimated Remaining Time: 0h 0m 0s]
[Step: 223/227 | Batch Loss: 6.1348 | Batch Time: 0.07s | Elapsed Time: 19.32s | Estimated Remaining Time: 0h 0m 0s]
[Step: 224/227 | Batch Loss: 6.0807 | Batch Time: 0.07s | Elapsed Time: 19.40s | Estimated Remaining Time: 0h 0m 0s]
[Step: 225/227 | Batch Loss: 6.1105 | Batch Time: 0.08s | Elapsed Time: 19.49s | Estimated Remaining Time: 0h 0m 0s]
[Step: 226/227 | Batch Loss: 6.0814 | Batch Time: 0.08s | Elapsed Time: 19.57s | Estimated Remaining Time: 0h 0m 0s]
[Step: 227/227 | Batch Loss: 6.2118 | Batch Time: 0.07s | Elapsed Time: 19.64s | Estimated Remaining Time: 0h 0m 0s]
